{"/Users/diegojacomel/Projects/ms-phishing/pages/index.tsx": {"path":"/Users/diegojacomel/Projects/ms-phishing/pages/index.tsx","statementMap":{"0":{"start":{"line":10,"column":15},"end":{"line":13,"column":1}},"1":{"start":{"line":15,"column":23},"end":{"line":27,"column":1}},"2":{"start":{"line":16,"column":2},"end":{"line":26,"column":3}}},"fnMap":{"0":{"name":"(anonymous_0)","decl":{"start":{"line":15,"column":23},"end":{"line":15,"column":24}},"loc":{"start":{"line":15,"column":29},"end":{"line":27,"column":1}},"line":15}},"branchMap":{},"s":{"0":1,"1":1,"2":1},"f":{"0":1},"b":{},"_coverageSchema":"1a1c01bbd47fc00a2c39e90264f33305004495a9","hash":"2f7c7a6177c30374d728b271fe162bcacf4a324b"}
}
